Release 14.7 - xst P.20131013 (nt64)
Copyright (c) 1995-2013 Xilinx, Inc.  All rights reserved.
--> Parameter TMPDIR set to xst/projnav.tmp


Total REAL time to Xst completion: 0.00 secs
Total CPU time to Xst completion: 0.12 secs
 
--> Parameter xsthdpdir set to xst


Total REAL time to Xst completion: 0.00 secs
Total CPU time to Xst completion: 0.13 secs
 
--> Reading design: CPU_top.prj

TABLE OF CONTENTS
  1) Synthesis Options Summary
  2) HDL Parsing
  3) HDL Elaboration
  4) HDL Synthesis
       4.1) HDL Synthesis Report
  5) Advanced HDL Synthesis
       5.1) Advanced HDL Synthesis Report
  6) Low Level Synthesis
  7) Partition Report
  8) Design Summary
       8.1) Primitive and Black Box Usage
       8.2) Device utilization summary
       8.3) Partition Resource Summary
       8.4) Timing Report
            8.4.1) Clock Information
            8.4.2) Asynchronous Control Signals Information
            8.4.3) Timing Summary
            8.4.4) Timing Details
            8.4.5) Cross Clock Domains Report


=========================================================================
*                      Synthesis Options Summary                        *
=========================================================================
---- Source Parameters
Input File Name                    : "CPU_top.prj"
Ignore Synthesis Constraint File   : NO

---- Target Parameters
Output File Name                   : "CPU_top"
Output Format                      : NGC
Target Device                      : xc7a100t-1-csg324

---- Source Options
Top Module Name                    : CPU_top
Automatic FSM Extraction           : YES
FSM Encoding Algorithm             : Auto
Safe Implementation                : No
FSM Style                          : LUT
RAM Extraction                     : Yes
RAM Style                          : Auto
ROM Extraction                     : Yes
Shift Register Extraction          : YES
ROM Style                          : Auto
Resource Sharing                   : YES
Asynchronous To Synchronous        : NO
Shift Register Minimum Size        : 2
Use DSP Block                      : Auto
Automatic Register Balancing       : No

---- Target Options
LUT Combining                      : Auto
Reduce Control Sets                : Auto
Add IO Buffers                     : YES
Global Maximum Fanout              : 100000
Add Generic Clock Buffer(BUFG)     : 32
Register Duplication               : YES
Optimize Instantiated Primitives   : NO
Use Clock Enable                   : Auto
Use Synchronous Set                : Auto
Use Synchronous Reset              : Auto
Pack IO Registers into IOBs        : Auto
Equivalent register Removal        : YES

---- General Options
Optimization Goal                  : Speed
Optimization Effort                : 1
Power Reduction                    : NO
Keep Hierarchy                     : No
Netlist Hierarchy                  : As_Optimized
RTL Output                         : Yes
Global Optimization                : AllClockNets
Read Cores                         : YES
Write Timing Constraints           : NO
Cross Clock Analysis               : NO
Hierarchy Separator                : /
Bus Delimiter                      : <>
Case Specifier                     : Maintain
Slice Utilization Ratio            : 100
BRAM Utilization Ratio             : 100
DSP48 Utilization Ratio            : 100
Auto BRAM Packing                  : NO
Slice Utilization Ratio Delta      : 5

=========================================================================


=========================================================================
*                          HDL Parsing                                  *
=========================================================================
Analyzing Verilog file "C:\Users\zi_ha\Desktop\ECE414\ECE414 Final Project Group7\CPU\CPU_top.v" into library work
Parsing module <CPU_top>.
WARNING:HDLCompiler:1591 - "C:\Users\zi_ha\Desktop\ECE414\ECE414 Final Project Group7\CPU\CPU_top.v" Line 13: Root scope declaration is not allowed in verilog 95/2K mode
WARNING:HDLCompiler:1591 - "C:\Users\zi_ha\Desktop\ECE414\ECE414 Final Project Group7\CPU\CPU_top.v" Line 14: Root scope declaration is not allowed in verilog 95/2K mode
WARNING:HDLCompiler:1591 - "C:\Users\zi_ha\Desktop\ECE414\ECE414 Final Project Group7\CPU\CPU_top.v" Line 15: Root scope declaration is not allowed in verilog 95/2K mode
WARNING:HDLCompiler:1591 - "C:\Users\zi_ha\Desktop\ECE414\ECE414 Final Project Group7\CPU\CPU_top.v" Line 16: Root scope declaration is not allowed in verilog 95/2K mode
WARNING:HDLCompiler:1591 - "C:\Users\zi_ha\Desktop\ECE414\ECE414 Final Project Group7\CPU\CPU_top.v" Line 17: Root scope declaration is not allowed in verilog 95/2K mode
WARNING:HDLCompiler:1591 - "C:\Users\zi_ha\Desktop\ECE414\ECE414 Final Project Group7\CPU\CPU_top.v" Line 18: Root scope declaration is not allowed in verilog 95/2K mode
WARNING:HDLCompiler:1591 - "C:\Users\zi_ha\Desktop\ECE414\ECE414 Final Project Group7\CPU\CPU_top.v" Line 19: Root scope declaration is not allowed in verilog 95/2K mode
WARNING:HDLCompiler:1591 - "C:\Users\zi_ha\Desktop\ECE414\ECE414 Final Project Group7\CPU\CPU_top.v" Line 20: Root scope declaration is not allowed in verilog 95/2K mode
WARNING:HDLCompiler:1591 - "C:\Users\zi_ha\Desktop\ECE414\ECE414 Final Project Group7\CPU\CPU_top.v" Line 21: Root scope declaration is not allowed in verilog 95/2K mode
WARNING:HDLCompiler:1591 - "C:\Users\zi_ha\Desktop\ECE414\ECE414 Final Project Group7\CPU\CPU_top.v" Line 22: Root scope declaration is not allowed in verilog 95/2K mode
WARNING:HDLCompiler:1591 - "C:\Users\zi_ha\Desktop\ECE414\ECE414 Final Project Group7\CPU\CPU_top.v" Line 23: Root scope declaration is not allowed in verilog 95/2K mode
WARNING:HDLCompiler:1591 - "C:\Users\zi_ha\Desktop\ECE414\ECE414 Final Project Group7\CPU\CPU_top.v" Line 24: Root scope declaration is not allowed in verilog 95/2K mode
WARNING:HDLCompiler:1591 - "C:\Users\zi_ha\Desktop\ECE414\ECE414 Final Project Group7\CPU\CPU_top.v" Line 25: Root scope declaration is not allowed in verilog 95/2K mode
WARNING:HDLCompiler:1591 - "C:\Users\zi_ha\Desktop\ECE414\ECE414 Final Project Group7\CPU\CPU_top.v" Line 26: Root scope declaration is not allowed in verilog 95/2K mode
WARNING:HDLCompiler:1591 - "C:\Users\zi_ha\Desktop\ECE414\ECE414 Final Project Group7\CPU\CPU_top.v" Line 27: Root scope declaration is not allowed in verilog 95/2K mode
WARNING:HDLCompiler:1591 - "C:\Users\zi_ha\Desktop\ECE414\ECE414 Final Project Group7\CPU\CPU_top.v" Line 28: Root scope declaration is not allowed in verilog 95/2K mode
WARNING:HDLCompiler:1591 - "C:\Users\zi_ha\Desktop\ECE414\ECE414 Final Project Group7\CPU\CPU_top.v" Line 29: Root scope declaration is not allowed in verilog 95/2K mode
WARNING:HDLCompiler:1591 - "C:\Users\zi_ha\Desktop\ECE414\ECE414 Final Project Group7\CPU\CPU_top.v" Line 30: Root scope declaration is not allowed in verilog 95/2K mode
WARNING:HDLCompiler:1591 - "C:\Users\zi_ha\Desktop\ECE414\ECE414 Final Project Group7\CPU\CPU_top.v" Line 31: Root scope declaration is not allowed in verilog 95/2K mode
ERROR:HDLCompiler:806 - "C:\Users\zi_ha\Desktop\ECE414\ECE414 Final Project Group7\CPU\CPU_top.v" Line 33: Syntax error near "initial".
Verilog file C:\Users\zi_ha\Desktop\ECE414\ECE414 Final Project Group7\CPU\CPU_top.v ignored due to errors
--> 

Total memory usage is 4498652 kilobytes

Number of errors   :    1 (   0 filtered)
Number of warnings :   19 (   0 filtered)
Number of infos    :    0 (   0 filtered)

